Build started 04.11.2015 16:47:44.
     1>Project "C:\Users\User\Documents\Visual Studio 2010\Projects\mq_fileread_regex_1\mq_fileread_regex_1\mq_fileread_regex_1.vcxproj" on node 2 (build target(s)).
     1>InitializeBuildStatus:
         Touching "Debug\mq_fileread_regex_1.unsuccessfulbuild".
       ClCompile:
         All outputs are up-to-date.
         D:\Program Files (x86)\Microsoft Visual Studio 10.0\VC\bin\CL.exe /c /ZI /nologo /W3 /WX- /Od /Oy- /D WIN32 /D _DEBUG /D _CONSOLE /D _UNICODE /D UNICODE /Gm /EHsc /RTC1 /MDd /GS /fp:precise /Zc:wchar_t /Zc:forScope /Yu"StdAfx.h" /Fp"Debug\mq_fileread_regex_1.pch" /Fo"Debug\\" /Fd"Debug\vc100.pdb" /Gd /TP /analyze- /errorReport:prompt clogr.cpp
         clogr.cpp
       ManifestResourceCompile:
         All outputs are up-to-date.
       Link:
         D:\Program Files (x86)\Microsoft Visual Studio 10.0\VC\bin\link.exe /ERRORREPORT:PROMPT /OUT:"C:\Users\User\Documents\Visual Studio 2010\Projects\mq_fileread_regex_1\Debug\mq_fileread_regex_1.exe" /INCREMENTAL /NOLOGO kernel32.lib user32.lib gdi32.lib winspool.lib comdlg32.lib advapi32.lib shell32.lib ole32.lib oleaut32.lib uuid.lib odbc32.lib odbccp32.lib /MANIFEST /ManifestFile:"Debug\mq_fileread_regex_1.exe.intermediate.manifest" /MANIFESTUAC:"level='asInvoker' uiAccess='false'" /DEBUG /PDB:"C:\Users\User\Documents\Visual Studio 2010\Projects\mq_fileread_regex_1\Debug\mq_fileread_regex_1.pdb" /SUBSYSTEM:CONSOLE /TLBID:1 /DYNAMICBASE /NXCOMPAT /IMPLIB:"C:\Users\User\Documents\Visual Studio 2010\Projects\mq_fileread_regex_1\Debug\mq_fileread_regex_1.lib" /MACHINE:X86 Debug\mq_fileread_regex_1.exe.embed.manifest.res
         Debug\clogr.obj
         Debug\mq_fileread_regex_1.obj
         Debug\stdafx.obj
       Manifest:
         C:\Program Files (x86)\Microsoft SDKs\Windows\v7.0A\bin\mt.exe /nologo /verbose /out:"Debug\mq_fileread_regex_1.exe.embed.manifest" /manifest Debug\mq_fileread_regex_1.exe.intermediate.manifest
         All outputs are up-to-date.
       LinkEmbedManifest:
         All outputs are up-to-date.
         mq_fileread_regex_1.vcxproj -> C:\Users\User\Documents\Visual Studio 2010\Projects\mq_fileread_regex_1\Debug\mq_fileread_regex_1.exe
       FinalizeBuildStatus:
         Deleting file "Debug\mq_fileread_regex_1.unsuccessfulbuild".
         Touching "Debug\mq_fileread_regex_1.lastbuildstate".
     1>Done Building Project "C:\Users\User\Documents\Visual Studio 2010\Projects\mq_fileread_regex_1\mq_fileread_regex_1\mq_fileread_regex_1.vcxproj" (build target(s)).

Build succeeded.

Time Elapsed 00:00:00.43
