Build started 04.11.2015 15:54:02.
     1>Project "C:\Users\User\Documents\Visual Studio 2010\Projects\mq_fileread_regex_1\mq_fileread_regex_1\mq_fileread_regex_1.vcxproj" on node 2 (build target(s)).
     1>InitializeBuildStatus:
         Creating "Release\mq_fileread_regex_1.unsuccessfulbuild" because "AlwaysCreate" was specified.
       ClCompile:
         All outputs are up-to-date.
         D:\Program Files (x86)\Microsoft Visual Studio 10.0\VC\bin\CL.exe /c /Zi /nologo /W3 /WX- /O2 /Oi /Oy- /GL /D WIN32 /D NDEBUG /D _CONSOLE /D _UNICODE /D UNICODE /Gm- /EHsc /MD /GS /Gy /fp:precise /Zc:wchar_t /Zc:forScope /Yu"StdAfx.h" /Fp"Release\mq_fileread_regex_1.pch" /Fo"Release\\" /Fd"Release\vc100.pdb" /Gd /TP /analyze- /errorReport:prompt mq_fileread_regex_1.cpp
         mq_fileread_regex_1.cpp
     1>mq_fileread_regex_1.cpp(44): warning C4101: 'error' : unreferenced local variable
     1>mq_fileread_regex_1.cpp(44): warning C4101: 'error1' : unreferenced local variable
     1>mq_fileread_regex_1.cpp(82): warning C4101: 'error1' : unreferenced local variable
       Link:
         D:\Program Files (x86)\Microsoft Visual Studio 10.0\VC\bin\link.exe /ERRORREPORT:PROMPT /OUT:"C:\Users\User\Documents\Visual Studio 2010\Projects\mq_fileread_regex_1\Release\mq_fileread_regex_1.exe" /INCREMENTAL:NO /NOLOGO kernel32.lib user32.lib gdi32.lib winspool.lib comdlg32.lib advapi32.lib shell32.lib ole32.lib oleaut32.lib uuid.lib odbc32.lib odbccp32.lib /MANIFEST /ManifestFile:"Release\mq_fileread_regex_1.exe.intermediate.manifest" /MANIFESTUAC:"level='asInvoker' uiAccess='false'" /DEBUG /PDB:"C:\Users\User\Documents\Visual Studio 2010\Projects\mq_fileread_regex_1\Release\mq_fileread_regex_1.pdb" /SUBSYSTEM:CONSOLE /OPT:REF /OPT:ICF /LTCG /TLBID:1 /DYNAMICBASE /NXCOMPAT /IMPLIB:"C:\Users\User\Documents\Visual Studio 2010\Projects\mq_fileread_regex_1\Release\mq_fileread_regex_1.lib" /MACHINE:X86 Release\clogr.obj
         Release\mq_fileread_regex_1.obj
         Release\stdafx.obj
         Generating code
         Finished generating code
         mq_fileread_regex_1.vcxproj -> C:\Users\User\Documents\Visual Studio 2010\Projects\mq_fileread_regex_1\Release\mq_fileread_regex_1.exe
       Manifest:
         C:\Program Files (x86)\Microsoft SDKs\Windows\v7.0A\bin\mt.exe /nologo /verbose /outputresource:"C:\Users\User\Documents\Visual Studio 2010\Projects\mq_fileread_regex_1\Release\mq_fileread_regex_1.exe;#1" /manifest Release\mq_fileread_regex_1.exe.intermediate.manifest
       FinalizeBuildStatus:
         Deleting file "Release\mq_fileread_regex_1.unsuccessfulbuild".
         Touching "Release\mq_fileread_regex_1.lastbuildstate".
     1>Done Building Project "C:\Users\User\Documents\Visual Studio 2010\Projects\mq_fileread_regex_1\mq_fileread_regex_1\mq_fileread_regex_1.vcxproj" (build target(s)).

Build succeeded.

Time Elapsed 00:00:00.50
